  CardBase.cpp
C:\Users\Kezai\source\repos\stylesmunson\cardgame\code\CardBase.cpp(27,148): warning C4244: 'argument': conversion from 'double' to 'float', possible loss of data
C:\Users\Kezai\source\repos\stylesmunson\cardgame\code\CardBase.cpp(42,115): warning C4244: 'argument': conversion from 'double' to 'float', possible loss of data
  CardItem.cpp
C:\Users\Kezai\source\repos\stylesmunson\cardgame\code\CardItem.cpp(13,84): warning C4244: 'argument': conversion from 'double' to 'float', possible loss of data
C:\Users\Kezai\source\repos\stylesmunson\cardgame\code\CardItem.cpp(20,20): warning C4018: '<': signed/unsigned mismatch
C:\Users\Kezai\source\repos\stylesmunson\cardgame\code\CardItem.cpp(41,140): warning C4244: 'argument': conversion from 'double' to 'float', possible loss of data
C:\Users\Kezai\source\repos\stylesmunson\cardgame\code\CardItem.cpp(48,20): warning C4018: '<': signed/unsigned mismatch
  CardMonster.cpp
C:\Users\Kezai\source\repos\stylesmunson\cardgame\code\CardMonster.cpp(15,84): warning C4244: 'argument': conversion from 'double' to 'float', possible loss of data
C:\Users\Kezai\source\repos\stylesmunson\cardgame\code\CardMonster.cpp(21,102): warning C4244: 'argument': conversion from 'double' to 'float', possible loss of data
C:\Users\Kezai\source\repos\stylesmunson\cardgame\code\CardMonster.cpp(43,20): warning C4018: '<': signed/unsigned mismatch
  game.cpp
C:\Users\Kezai\source\repos\stylesmunson\cardgame\code\game.cpp(26,84): warning C4244: 'argument': conversion from 'unsigned int' to 'T', possible loss of data
          with
          [
              T=float
          ]
C:\Users\Kezai\source\repos\stylesmunson\cardgame\code\game.cpp(26,49): warning C4244: 'argument': conversion from 'unsigned int' to 'T', possible loss of data
          with
          [
              T=float
          ]
C:\Users\Kezai\source\repos\stylesmunson\cardgame\code\game.cpp(27,56): warning C4244: 'argument': conversion from 'T' to 'unsigned int', possible loss of data
          with
          [
              T=float
          ]
C:\Users\Kezai\source\repos\stylesmunson\cardgame\code\game.cpp(27,42): warning C4244: 'argument': conversion from 'T' to 'unsigned int', possible loss of data
          with
          [
              T=float
          ]
C:\Users\Kezai\source\repos\stylesmunson\cardgame\code\game.cpp(33,12): warning C4244: 'argument': conversion from 'time_t' to 'unsigned int', possible loss of data
C:\Users\Kezai\source\repos\stylesmunson\cardgame\code\game.cpp(140,15): warning C4553: '==': result of expression not used; did you intend '='?
C:\Users\Kezai\source\repos\stylesmunson\cardgame\code\game.cpp(31,8): warning C4101: 'event': unreferenced local variable
  Generating Code...
  cardgame.vcxproj -> C:\Users\Kezai\source\repos\stylesmunson\cardgame\Debug\cardgame.exe
